<?xml version="1.0" encoding="UTF-8"?>
<testsuite xmlns:xsi="http://www.w3.org/2001/XMLSchema-instance" xsi:noNamespaceSchemaLocation="https://maven.apache.org/surefire/maven-surefire-plugin/xsd/surefire-test-report-3.0.xsd" version="3.0" name="TrenesSubterraneosTest" time="0.308" tests="4" errors="0" skipped="0" failures="0">
  <properties>
    <property name="java.specification.version" value="17"/>
    <property name="sun.jnu.encoding" value="UTF-8"/>
    <property name="java.class.path" value="/home/rodrigo/Documentos/Estaciones/VyVSW-TPO3/trenes/target/test-classes:/home/rodrigo/Documentos/Estaciones/VyVSW-TPO3/trenes/target/classes:/home/rodrigo/.m2/repository/org/junit/jupiter/junit-jupiter-api/5.10.2/junit-jupiter-api-5.10.2.jar:/home/rodrigo/.m2/repository/org/opentest4j/opentest4j/1.3.0/opentest4j-1.3.0.jar:/home/rodrigo/.m2/repository/org/junit/platform/junit-platform-commons/1.10.2/junit-platform-commons-1.10.2.jar:/home/rodrigo/.m2/repository/org/apiguardian/apiguardian-api/1.1.2/apiguardian-api-1.1.2.jar:/home/rodrigo/.m2/repository/org/junit/jupiter/junit-jupiter-engine/5.10.2/junit-jupiter-engine-5.10.2.jar:/home/rodrigo/.m2/repository/org/junit/platform/junit-platform-engine/1.10.2/junit-platform-engine-1.10.2.jar:/home/rodrigo/.m2/repository/org/mockito/mockito-core/5.11.0/mockito-core-5.11.0.jar:/home/rodrigo/.m2/repository/net/bytebuddy/byte-buddy/1.14.12/byte-buddy-1.14.12.jar:/home/rodrigo/.m2/repository/net/bytebuddy/byte-buddy-agent/1.14.12/byte-buddy-agent-1.14.12.jar:/home/rodrigo/.m2/repository/org/objenesis/objenesis/3.3/objenesis-3.3.jar:/home/rodrigo/.m2/repository/org/mockito/mockito-junit-jupiter/5.11.0/mockito-junit-jupiter-5.11.0.jar:/home/rodrigo/.m2/repository/org/jacoco/jacoco-maven-plugin/0.8.12/jacoco-maven-plugin-0.8.12.jar:/home/rodrigo/.m2/repository/org/codehaus/plexus/plexus-utils/3.0.24/plexus-utils-3.0.24.jar:/home/rodrigo/.m2/repository/org/apache/maven/shared/file-management/3.1.0/file-management-3.1.0.jar:/home/rodrigo/.m2/repository/org/slf4j/slf4j-api/1.7.36/slf4j-api-1.7.36.jar:/home/rodrigo/.m2/repository/commons-io/commons-io/2.11.0/commons-io-2.11.0.jar:/home/rodrigo/.m2/repository/org/apache/maven/reporting/maven-reporting-api/3.0/maven-reporting-api-3.0.jar:/home/rodrigo/.m2/repository/org/apache/maven/doxia/doxia-sink-api/1.0/doxia-sink-api-1.0.jar:/home/rodrigo/.m2/repository/org/jacoco/org.jacoco.agent/0.8.12/org.jacoco.agent-0.8.12-runtime.jar:/home/rodrigo/.m2/repository/org/jacoco/org.jacoco.core/0.8.12/org.jacoco.core-0.8.12.jar:/home/rodrigo/.m2/repository/org/ow2/asm/asm/9.7/asm-9.7.jar:/home/rodrigo/.m2/repository/org/ow2/asm/asm-commons/9.7/asm-commons-9.7.jar:/home/rodrigo/.m2/repository/org/ow2/asm/asm-tree/9.7/asm-tree-9.7.jar:/home/rodrigo/.m2/repository/org/jacoco/org.jacoco.report/0.8.12/org.jacoco.report-0.8.12.jar:"/>
    <property name="java.vm.vendor" value="Ubuntu"/>
    <property name="sun.arch.data.model" value="64"/>
    <property name="java.vendor.url" value="https://ubuntu.com/"/>
    <property name="user.timezone" value="America/Argentina/Buenos_Aires"/>
    <property name="os.name" value="Linux"/>
    <property name="java.vm.specification.version" value="17"/>
    <property name="sun.java.launcher" value="SUN_STANDARD"/>
    <property name="user.country" value="AR"/>
    <property name="sun.boot.library.path" value="/usr/lib/jvm/java-17-openjdk-amd64/lib"/>
    <property name="sun.java.command" value="/home/rodrigo/Documentos/Estaciones/VyVSW-TPO3/trenes/target/surefire/surefirebooter-20240701214910471_3.jar /home/rodrigo/Documentos/Estaciones/VyVSW-TPO3/trenes/target/surefire 2024-07-01T21-49-10_426-jvmRun1 surefire-20240701214910471_1tmp surefire_0-20240701214910471_2tmp"/>
    <property name="jdk.debug" value="release"/>
    <property name="surefire.test.class.path" value="/home/rodrigo/Documentos/Estaciones/VyVSW-TPO3/trenes/target/test-classes:/home/rodrigo/Documentos/Estaciones/VyVSW-TPO3/trenes/target/classes:/home/rodrigo/.m2/repository/org/junit/jupiter/junit-jupiter-api/5.10.2/junit-jupiter-api-5.10.2.jar:/home/rodrigo/.m2/repository/org/opentest4j/opentest4j/1.3.0/opentest4j-1.3.0.jar:/home/rodrigo/.m2/repository/org/junit/platform/junit-platform-commons/1.10.2/junit-platform-commons-1.10.2.jar:/home/rodrigo/.m2/repository/org/apiguardian/apiguardian-api/1.1.2/apiguardian-api-1.1.2.jar:/home/rodrigo/.m2/repository/org/junit/jupiter/junit-jupiter-engine/5.10.2/junit-jupiter-engine-5.10.2.jar:/home/rodrigo/.m2/repository/org/junit/platform/junit-platform-engine/1.10.2/junit-platform-engine-1.10.2.jar:/home/rodrigo/.m2/repository/org/mockito/mockito-core/5.11.0/mockito-core-5.11.0.jar:/home/rodrigo/.m2/repository/net/bytebuddy/byte-buddy/1.14.12/byte-buddy-1.14.12.jar:/home/rodrigo/.m2/repository/net/bytebuddy/byte-buddy-agent/1.14.12/byte-buddy-agent-1.14.12.jar:/home/rodrigo/.m2/repository/org/objenesis/objenesis/3.3/objenesis-3.3.jar:/home/rodrigo/.m2/repository/org/mockito/mockito-junit-jupiter/5.11.0/mockito-junit-jupiter-5.11.0.jar:/home/rodrigo/.m2/repository/org/jacoco/jacoco-maven-plugin/0.8.12/jacoco-maven-plugin-0.8.12.jar:/home/rodrigo/.m2/repository/org/codehaus/plexus/plexus-utils/3.0.24/plexus-utils-3.0.24.jar:/home/rodrigo/.m2/repository/org/apache/maven/shared/file-management/3.1.0/file-management-3.1.0.jar:/home/rodrigo/.m2/repository/org/slf4j/slf4j-api/1.7.36/slf4j-api-1.7.36.jar:/home/rodrigo/.m2/repository/commons-io/commons-io/2.11.0/commons-io-2.11.0.jar:/home/rodrigo/.m2/repository/org/apache/maven/reporting/maven-reporting-api/3.0/maven-reporting-api-3.0.jar:/home/rodrigo/.m2/repository/org/apache/maven/doxia/doxia-sink-api/1.0/doxia-sink-api-1.0.jar:/home/rodrigo/.m2/repository/org/jacoco/org.jacoco.agent/0.8.12/org.jacoco.agent-0.8.12-runtime.jar:/home/rodrigo/.m2/repository/org/jacoco/org.jacoco.core/0.8.12/org.jacoco.core-0.8.12.jar:/home/rodrigo/.m2/repository/org/ow2/asm/asm/9.7/asm-9.7.jar:/home/rodrigo/.m2/repository/org/ow2/asm/asm-commons/9.7/asm-commons-9.7.jar:/home/rodrigo/.m2/repository/org/ow2/asm/asm-tree/9.7/asm-tree-9.7.jar:/home/rodrigo/.m2/repository/org/jacoco/org.jacoco.report/0.8.12/org.jacoco.report-0.8.12.jar:"/>
    <property name="sun.cpu.endian" value="little"/>
    <property name="user.home" value="/home/rodrigo"/>
    <property name="user.language" value="es"/>
    <property name="java.specification.vendor" value="Oracle Corporation"/>
    <property name="java.version.date" value="2024-04-16"/>
    <property name="java.home" value="/usr/lib/jvm/java-17-openjdk-amd64"/>
    <property name="file.separator" value="/"/>
    <property name="basedir" value="/home/rodrigo/Documentos/Estaciones/VyVSW-TPO3/trenes"/>
    <property name="java.vm.compressedOopsMode" value="Zero based"/>
    <property name="line.separator" value="&#10;"/>
    <property name="java.vm.specification.vendor" value="Oracle Corporation"/>
    <property name="java.specification.name" value="Java Platform API Specification"/>
    <property name="surefire.real.class.path" value="/home/rodrigo/Documentos/Estaciones/VyVSW-TPO3/trenes/target/surefire/surefirebooter-20240701214910471_3.jar"/>
    <property name="sun.management.compiler" value="HotSpot 64-Bit Tiered Compilers"/>
    <property name="java.runtime.version" value="17.0.11+9-Ubuntu-122.04.1"/>
    <property name="user.name" value="rodrigo"/>
    <property name="path.separator" value=":"/>
    <property name="os.version" value="6.5.0-41-generic"/>
    <property name="java.runtime.name" value="OpenJDK Runtime Environment"/>
    <property name="file.encoding" value="UTF-8"/>
    <property name="java.vm.name" value="OpenJDK 64-Bit Server VM"/>
    <property name="localRepository" value="/home/rodrigo/.m2/repository"/>
    <property name="java.vendor.url.bug" value="https://bugs.launchpad.net/ubuntu/+source/openjdk-17"/>
    <property name="java.io.tmpdir" value="/tmp"/>
    <property name="java.version" value="17.0.11"/>
    <property name="user.dir" value="/home/rodrigo/Documentos/Estaciones/VyVSW-TPO3/trenes"/>
    <property name="os.arch" value="amd64"/>
    <property name="java.vm.specification.name" value="Java Virtual Machine Specification"/>
    <property name="native.encoding" value="UTF-8"/>
    <property name="java.library.path" value="/usr/java/packages/lib:/usr/lib/x86_64-linux-gnu/jni:/lib/x86_64-linux-gnu:/usr/lib/x86_64-linux-gnu:/usr/lib/jni:/lib:/usr/lib"/>
    <property name="java.vm.info" value="mixed mode, sharing"/>
    <property name="java.vendor" value="Ubuntu"/>
    <property name="java.vm.version" value="17.0.11+9-Ubuntu-122.04.1"/>
    <property name="sun.io.unicode.encoding" value="UnicodeLittle"/>
    <property name="java.class.version" value="61.0"/>
  </properties>
  <testcase name="testAltaTren" classname="TrenesSubterraneosTest" time="0.286"/>
  <testcase name="testAltaTramoDeRieles" classname="TrenesSubterraneosTest" time="0.005"/>
  <testcase name="testBajaTramoDeRieles" classname="TrenesSubterraneosTest" time="0.004"/>
  <testcase name="testCaminoMenosEstaciones" classname="TrenesSubterraneosTest" time="0.004"/>
</testsuite>